2025-02-26 15:21:54 [[31merror[39m]: Error: Validation error
Stack: Error
    at Query.run (D:\blog\course-back\node_modules\sequelize\lib\dialects\mysql\query.js:52:25)
    at D:\blog\course-back\node_modules\sequelize\lib\sequelize.js:315:28
    at async MySQLQueryInterface.insert (D:\blog\course-back\node_modules\sequelize\lib\dialects\abstract\query-interface.js:308:21)
    at async model.save (D:\blog\course-back\node_modules\sequelize\lib\model.js:2490:35)
    at async Function.create (D:\blog\course-back\node_modules\sequelize\lib\model.js:1362:12)
    at async exports.addUser (D:\blog\course-back\controller\userController.js:17:25)
2025-03-05 16:04:23 [[31merror[39m]: Error: bcrypt is not defined
Stack: ReferenceError: bcrypt is not defined
    at exports.register (D:\blog\course-back\controller\commonController.js:29:22)
    at Layer.handle [as handle_request] (D:\blog\course-back\node_modules\express\lib\router\layer.js:95:5)
    at next (D:\blog\course-back\node_modules\express\lib\router\route.js:137:13)
    at Route.dispatch (D:\blog\course-back\node_modules\express\lib\router\route.js:112:3)
    at Layer.handle [as handle_request] (D:\blog\course-back\node_modules\express\lib\router\layer.js:95:5)
    at D:\blog\course-back\node_modules\express\lib\router\index.js:281:22
    at Function.process_params (D:\blog\course-back\node_modules\express\lib\router\index.js:335:12)
    at next (D:\blog\course-back\node_modules\express\lib\router\index.js:275:10)
    at Function.handle (D:\blog\course-back\node_modules\express\lib\router\index.js:174:3)
    at router (D:\blog\course-back\node_modules\express\lib\router\index.js:47:12)
